 ACCALL - Accessibility calculations
 PDB FILE INPUT pdb1a03_x.new
 PROBE SIZE       1.40
 Z-SLICE WIDTH   0.050
 INCL HETATOMS
 INCL HYDROGENS
 INCL WATERS
 READVDW  25 residues input
 NON-STANDARD atom. OXT in residue> GLY A  90 
 GUESSED vdw of  OXT in GLY A  90  =  1.40
 NON-STANDARD atom. OXT in residue> GLY B  90 
 GUESSED vdw of  OXT in GLY B  90  =  1.40
 ADDED VDW RADII
 CHAINS       2
 RESIDUES   180
 ATOMS     1426
 SOLVA: PROGRAM ENDS CORRECTLY
 CALCULATED ATOMIC ACCESSIBILITES
 RELATIVE (STANDARD) ACCESSIBILITIES READFOR  23 AMINO ACIDS
 SUMMED ACCESSIBILITIES OVER RESIDUES
